<?xml version="1.0" encoding="UTF-8"?>
<!-- Generated by org.testng.reporters.JUnitReportReporter -->
<testsuite skipped="0" hostname="DESKTOP-SIO3HDB" name="com.JQueriUI.automation.JQueryUITest" tests="1" failures="0" timestamp="02 Feb 2019 14:35:26 GMT" time="113.771" errors="0">
  <testcase name="Testing_JQueryUI" time="113.771" classname="com.JQueriUI.automation.JQueryUITest"/>
</testsuite> <!-- com.JQueriUI.automation.JQueryUITest -->
